<?xml version="1.0" encoding="UTF-8"?>
<testng-results skipped="0" failed="0" ignored="0" total="1" passed="1">
  <reporter-output>
  </reporter-output>
  <suite name="Default suite" duration-ms="2139" started-at="2021-12-03T04:37:43Z" finished-at="2021-12-03T04:37:45Z">
    <groups>
    </groups>
    <test name="Default test" duration-ms="2139" started-at="2021-12-03T04:37:43Z" finished-at="2021-12-03T04:37:45Z">
      <class name="oAuth.oAuthRequest">
        <test-method status="PASS" signature="PostCall()[pri:0, instance:oAuth.oAuthRequest@69b0fd6f]" name="PostCall" duration-ms="2100" started-at="2021-12-03T04:37:43Z" finished-at="2021-12-03T04:37:45Z">
          <reporter-output>
          </reporter-output>
        </test-method> <!-- PostCall -->
      </class> <!-- oAuth.oAuthRequest -->
    </test> <!-- Default test -->
  </suite> <!-- Default suite -->
</testng-results>
